<?xml version="1.0" encoding="UTF-8"?>
<!-- Generated by org.testng.reporters.JUnitReportReporter -->
<testsuite hostname="DESKTOP-DMI69P9" failures="0" tests="7" name="TestNG.BasicExtentReport" time="-1580927744.000" errors="1" timestamp="2020-02-05T10:35:24 PST" skipped="6">
  <testcase classname="TestNG.BasicExtentReport" name="testCase3" time="0.000">
    <skipped/>
  </testcase> <!-- testCase3 -->
  <system-out/>
  <testcase classname="TestNG.BasicExtentReport" name="testCase1" time="0.000">
    <skipped/>
  </testcase> <!-- testCase1 -->
  <system-out/>
  <testcase classname="TestNG.BasicExtentReport" name="testCase2" time="0.000">
    <skipped/>
  </testcase> <!-- testCase2 -->
  <system-out/>
  <testcase classname="TestNG.BasicExtentReport" name="startReport" time="-1580927744.000">
    <error message="
Parameter &#039;OS&#039; is required by BeforeTest on method startReport but has not been marked @Optional or defined
in C:\Users\tuand\AppData\Local\Temp\testng-eclipse--2085320940\testng-customsuite.xml" type="org.testng.TestNGException">
      <![CDATA[org.testng.TestNGException: 
Parameter 'OS' is required by BeforeTest on method startReport but has not been marked @Optional or defined
in C:\Users\tuand\AppData\Local\Temp\testng-eclipse--2085320940\testng-customsuite.xml
at org.testng.internal.Parameters.createParams(Parameters.java:272)
at org.testng.internal.Parameters.createParametersForMethod(Parameters.java:360)
at org.testng.internal.Parameters.createParameters(Parameters.java:704)
at org.testng.internal.Parameters.createConfigurationParameters(Parameters.java:166)
at org.testng.internal.ConfigInvoker.invokeConfigurations(ConfigInvoker.java:283)
at org.testng.TestRunner.invokeTestConfigurations(TestRunner.java:619)
at org.testng.TestRunner.beforeRun(TestRunner.java:609)
at org.testng.TestRunner.run(TestRunner.java:580)
at org.testng.SuiteRunner.runTest(SuiteRunner.java:384)
at org.testng.SuiteRunner.runSequentially(SuiteRunner.java:378)
at org.testng.SuiteRunner.privateRun(SuiteRunner.java:337)
at org.testng.SuiteRunner.run(SuiteRunner.java:286)
at org.testng.SuiteRunnerWorker.runSuite(SuiteRunnerWorker.java:53)
at org.testng.SuiteRunnerWorker.run(SuiteRunnerWorker.java:96)
at org.testng.TestNG.runSuitesSequentially(TestNG.java:1187)
at org.testng.TestNG.runSuitesLocally(TestNG.java:1109)
at org.testng.TestNG.runSuites(TestNG.java:1039)
at org.testng.TestNG.run(TestNG.java:1007)
at org.testng.remote.AbstractRemoteTestNG.run(AbstractRemoteTestNG.java:115)
at org.testng.remote.RemoteTestNG.initAndRun(RemoteTestNG.java:251)
at org.testng.remote.RemoteTestNG.main(RemoteTestNG.java:77)
]]>
    </error>
  </testcase> <!-- startReport -->
  <system-out/>
  <testcase classname="TestNG.BasicExtentReport" name="testCase5" time="0.000">
    <skipped/>
  </testcase> <!-- testCase5 -->
  <system-out/>
  <testcase classname="TestNG.BasicExtentReport" name="testCase4" time="0.000">
    <skipped/>
  </testcase> <!-- testCase4 -->
  <system-out/>
  <testcase classname="TestNG.BasicExtentReport" name="testCase6">
    <skipped/>
  </testcase> <!-- testCase6 -->
  <system-out/>
</testsuite> <!-- TestNG.BasicExtentReport -->
